# JRE version: Java(TM) SE Runtime Environment (8.0_251-b08) (build 1.8.0_251-b08)
# Java VM: Java HotSpot(TM) Client VM (25.251-b08 mixed mode, sharing windows-x86 )
Heap:
 def new generation   total 15296K, used 7950K [0x03800000, 0x04890000, 0x08d50000)
  eden space 13632K,  46% used [0x03800000, 0x03e23858, 0x04550000)
  from space 1664K,  99% used [0x04550000, 0x046efff8, 0x046f0000)
  to   space 1664K,   0% used [0x046f0000, 0x046f0000, 0x04890000)
 tenured generation   total 33860K, used 23834K [0x08d50000, 0x0ae61000, 0x13800000)
   the space 33860K,  70% used [0x08d50000, 0x0a496b50, 0x0a496c00, 0x0ae61000)
 Metaspace       used 9593K, capacity 10253K, committed 10368K, reserved 10624K
GC Heap History (10 events):
Event: 3.678 GC heap before
{Heap before GC invocations=75 (full 1):
 def new generation   total 8704K, used 7830K [0x03800000, 0x04170000, 0x08d50000)
  eden space 7744K,  88% used [0x03800000, 0x03eb5a58, 0x03f90000)
  from space 960K,  99% used [0x04080000, 0x0416fff8, 0x04170000)
  to   space 960K,   0% used [0x03f90000, 0x03f90000, 0x04080000)
 tenured generation   total 19228K, used 12322K [0x08d50000, 0x0a017000, 0x13800000)
   the space 19228K,  64% used [0x08d50000, 0x09958898, 0x09958a00, 0x0a017000)
 Metaspace       used 9334K, capacity 9949K, committed 9984K, reserved 10624K
Event: 3.681 GC heap after
Heap after GC invocations=76 (full 1):
 def new generation   total 8704K, used 747K [0x03800000, 0x04170000, 0x08d50000)
  eden space 7744K,   0% used [0x03800000, 0x03800000, 0x03f90000)
  from space 960K,  77% used [0x03f90000, 0x0404ac18, 0x04080000)
  to   space 960K,   0% used [0x04080000, 0x04080000, 0x04170000)
 tenured generation   total 19228K, used 13242K [0x08d50000, 0x0a017000, 0x13800000)
   the space 19228K,  68% used [0x08d50000, 0x09a3ebf8, 0x09a3ec00, 0x0a017000)
 Metaspace       used 9334K, capacity 9949K, committed 9984K, reserved 10624K
}
Event: 3.762 GC heap before
{Heap before GC invocations=76 (full 1):
 def new generation   total 8704K, used 8481K [0x03800000, 0x04170000, 0x08d50000)
  eden space 7744K,  99% used [0x03800000, 0x03f8d828, 0x03f90000)
  from space 960K,  77% used [0x03f90000, 0x0404ac18, 0x04080000)
  to   space 960K,   0% used [0x04080000, 0x04080000, 0x04170000)
 tenured generation   total 19228K, used 13242K [0x08d50000, 0x0a017000, 0x13800000)
   the space 19228K,  68% used [0x08d50000, 0x09a3ebf8, 0x09a3ec00, 0x0a017000)
 Metaspace       used 9377K, capacity 9996K, committed 10112K, reserved 10624K
Event: 3.767 GC heap after
Heap after GC invocations=77 (full 1):
 def new generation   total 8704K, used 253K [0x03800000, 0x04170000, 0x08d50000)
  eden space 7744K,   0% used [0x03800000, 0x03800000, 0x03f90000)
  from space 960K,  26% used [0x04080000, 0x040bf4c0, 0x04170000)
  to   space 960K,   0% used [0x03f90000, 0x03f90000, 0x04080000)
 tenured generation   total 19228K, used 17368K [0x08d50000, 0x0a017000, 0x13800000)
   the space 19228K,  90% used [0x08d50000, 0x09e46080, 0x09e46200, 0x0a017000)
 Metaspace       used 9377K, capacity 9996K, committed 10112K, reserved 10624K
}
Event: 3.920 GC heap before
{Heap before GC invocations=77 (full 1):
 def new generation   total 8704K, used 7195K [0x03800000, 0x04170000, 0x08d50000)
  eden space 7744K,  89% used [0x03800000, 0x03ec79c8, 0x03f90000)
  from space 960K,  26% used [0x04080000, 0x040bf4c0, 0x04170000)
  to   space 960K,   0% used [0x03f90000, 0x03f90000, 0x04080000)
 tenured generation   total 19228K, used 17368K [0x08d50000, 0x0a017000, 0x13800000)
   the space 19228K,  90% used [0x08d50000, 0x09e46080, 0x09e46200, 0x0a017000)
 Metaspace       used 9377K, capacity 9996K, committed 10112K, reserved 10624K
Event: 3.947 GC heap after
Heap after GC invocations=78 (full 2):
 def new generation   total 15296K, used 0K [0x03800000, 0x04890000, 0x08d50000)
  eden space 13632K,   0% used [0x03800000, 0x03800000, 0x04550000)
  from space 1664K,   0% used [0x04550000, 0x04550000, 0x046f0000)
  to   space 1664K,   0% used [0x046f0000, 0x046f0000, 0x04890000)
 tenured generation   total 33860K, used 20314K [0x08d50000, 0x0ae61000, 0x13800000)
   the space 33860K,  59% used [0x08d50000, 0x0a126990, 0x0a126a00, 0x0ae61000)
 Metaspace       used 9377K, capacity 9996K, committed 10112K, reserved 10624K
}
Event: 5.215 GC heap before
{Heap before GC invocations=78 (full 2):
 def new generation   total 15296K, used 13632K [0x03800000, 0x04890000, 0x08d50000)
  eden space 13632K, 100% used [0x03800000, 0x04550000, 0x04550000)
  from space 1664K,   0% used [0x04550000, 0x04550000, 0x046f0000)
  to   space 1664K,   0% used [0x046f0000, 0x046f0000, 0x04890000)
 tenured generation   total 33860K, used 20314K [0x08d50000, 0x0ae61000, 0x13800000)
   the space 33860K,  59% used [0x08d50000, 0x0a126990, 0x0a126a00, 0x0ae61000)
 Metaspace       used 9384K, capacity 10004K, committed 10112K, reserved 10624K
Event: 5.219 GC heap after
Heap after GC invocations=79 (full 2):
 def new generation   total 15296K, used 758K [0x03800000, 0x04890000, 0x08d50000)
  eden space 13632K,   0% used [0x03800000, 0x03800000, 0x04550000)
  from space 1664K,  45% used [0x046f0000, 0x047ad858, 0x04890000)
  to   space 1664K,   0% used [0x04550000, 0x04550000, 0x046f0000)
 tenured generation   total 33860K, used 23735K [0x08d50000, 0x0ae61000, 0x13800000)
   the space 33860K,  70% used [0x08d50000, 0x0a47de40, 0x0a47e000, 0x0ae61000)
 Metaspace       used 9384K, capacity 10004K, committed 10112K, reserved 10624K
}
Event: 17.879 GC heap before
{Heap before GC invocations=79 (full 2):
 def new generation   total 15296K, used 14390K [0x03800000, 0x04890000, 0x08d50000)
  eden space 13632K, 100% used [0x03800000, 0x04550000, 0x04550000)
  from space 1664K,  45% used [0x046f0000, 0x047ad858, 0x04890000)
  to   space 1664K,   0% used [0x04550000, 0x04550000, 0x046f0000)
 tenured generation   total 33860K, used 23735K [0x08d50000, 0x0ae61000, 0x13800000)
   the space 33860K,  70% used [0x08d50000, 0x0a47de40, 0x0a47e000, 0x0ae61000)
 Metaspace       used 9590K, capacity 10251K, committed 10368K, reserved 10624K
Event: 17.886 GC heap after
Heap after GC invocations=80 (full 2):
 def new generation   total 15296K, used 1663K [0x03800000, 0x04890000, 0x08d50000)
  eden space 13632K,   0% used [0x03800000, 0x03800000, 0x04550000)
  from space 1664K,  99% used [0x04550000, 0x046efff8, 0x046f0000)
  to   space 1664K,   0% used [0x046f0000, 0x046f0000, 0x04890000)
 tenured generation   total 33860K, used 23834K [0x08d50000, 0x0ae61000, 0x13800000)
   the space 33860K,  70% used [0x08d50000, 0x0a496b50, 0x0a496c00, 0x0ae61000)
 Metaspace       used 9590K, capacity 10251K, committed 10368K, reserved 10624K
}

